#
# A fatal error has been detected by the Java Runtime Environment:
#
#  EXCEPTION_ACCESS_VIOLATION (0xc0000005) at pc=0x00000000, pid=2116, tid=7852
#
# JRE version: 6.0_30-b12
# Java VM: Java HotSpot(TM) Client VM (20.5-b03 mixed mode, sharing windows-x86 )
# Problematic frame:
# C  0x00000000
#
# If you would like to submit a bug report, please visit:
#   http://java.sun.com/webapps/bugreport/crash.jsp
# The crash happened outside the Java Virtual Machine in native code.
# See problematic frame for where to report the bug.
#

---------------  T H R E A D  ---------------

Current thread (0x01b3f000):  JavaThread "AWT-Windows" daemon [_thread_in_native, id=7852, stack(0x04350000,0x043a0000)]

siginfo: ExceptionCode=0xc0000005, reading address 0x00000000

Registers:
EAX=0x00000000, EBX=0x00000000, ECX=0x00000000, EDX=0x636b813d
ESP=0x0439f7b0, EBP=0x0439f7c4, ESI=0x05536c60, EDI=0x0560b1a0
EIP=0x00000000, EFLAGS=0x00010206

Top of Stack: (sp=0x0439f7b0)
0x0439f7b0:   636b8202 00000000 070d84c0 05536c60
0x0439f7c0:   0560b1a0 0439f7dc 636b817a 05536c60
0x0439f7d0:   0560b1a0 073f43c0 073f9820 0439f800
0x0439f7e0:   636d3c41 0439f7f4 05606fc8 073f9820
0x0439f7f0:   00000000 05536c60 0560b1a0 6384bc21
0x0439f800:   0439f80c 636d3bbe 073f9828 0439f84c
0x0439f810:   636d3d0c 00000001 deb45abc 00000000
0x0439f820:   056045a0 00000000 7792d46d 07cf3cf9 

Instructions: (pc=0x00000000)
0xffffffe0:   


Register to memory mapping:

EAX=0x00000000 is an unknown value
EBX=0x00000000 is an unknown value
ECX=0x00000000 is an unknown value
EDX=0x636b813d is an unknown value
ESP=0x0439f7b0 is pointing into the stack for thread: 0x01b3f000
EBP=0x0439f7c4 is pointing into the stack for thread: 0x01b3f000
ESI=0x05536c60 is an unknown value
EDI=0x0560b1a0 is an unknown value


Stack: [0x04350000,0x043a0000],  sp=0x0439f7b0,  free space=317k
Java frames: (J=compiled Java code, j=interpreted, Vv=VM code)
j  sun.awt.windows.WToolkit.eventLoop()V+0
j  sun.awt.windows.WToolkit.run()V+52
j  java.lang.Thread.run()V+11
v  ~StubRoutines::call_stub

---------------  P R O C E S S  ---------------

Java Threads: ( => current thread )
  0x041bec00 JavaThread "Thread-1" daemon [_thread_in_native, id=6740, stack(0x093d0000,0x09420000)]
  0x041bd000 JavaThread "Thread-14" [_thread_blocked, id=7016, stack(0x08e40000,0x08e90000)]
  0x0429c800 JavaThread "Thread-8" daemon [_thread_blocked, id=3780, stack(0x08e90000,0x08ee0000)]
  0x04255000 JavaThread "TimerQueue" daemon [_thread_blocked, id=7456, stack(0x08da0000,0x08df0000)]
  0x003f9400 JavaThread "DestroyJavaVM" [_thread_blocked, id=6264, stack(0x00330000,0x00380000)]
  0x0412e400 JavaThread "AWT-EventQueue-0" [_thread_blocked, id=7492, stack(0x04400000,0x04450000)]
=>0x01b3f000 JavaThread "AWT-Windows" daemon [_thread_in_native, id=7852, stack(0x04350000,0x043a0000)]
  0x04102400 JavaThread "AWT-Shutdown" [_thread_blocked, id=8044, stack(0x04300000,0x04350000)]
  0x01b3ec00 JavaThread "Java2D Disposer" daemon [_thread_blocked, id=7652, stack(0x04030000,0x04080000)]
  0x01ac6c00 JavaThread "Low Memory Detector" daemon [_thread_blocked, id=4412, stack(0x03dd0000,0x03e20000)]
  0x01abb000 JavaThread "C1 CompilerThread0" daemon [_thread_blocked, id=4092, stack(0x03d80000,0x03dd0000)]
  0x01aba000 JavaThread "Attach Listener" daemon [_thread_blocked, id=7912, stack(0x03d30000,0x03d80000)]
  0x01ab7000 JavaThread "Signal Dispatcher" daemon [_thread_blocked, id=7040, stack(0x03ce0000,0x03d30000)]
  0x01ab2c00 JavaThread "Finalizer" daemon [_thread_blocked, id=8136, stack(0x03c90000,0x03ce0000)]
  0x01aad800 JavaThread "Reference Handler" daemon [_thread_blocked, id=6492, stack(0x03c40000,0x03c90000)]

Other Threads:
  0x01a70c00 VMThread [stack: 0x03bf0000,0x03c40000] [id=8112]
  0x01ac8400 WatcherThread [stack: 0x03e20000,0x03e70000] [id=6208]

VM state:not at safepoint (normal execution)

VM Mutex/Monitor currently owned by a thread: None

Heap
 def new generation   total 4928K, used 2406K [0x23b00000, 0x24050000, 0x29050000)
  eden space 4416K,  47% used [0x23b00000, 0x23d0f0d8, 0x23f50000)
  from space 512K,  58% used [0x23fd0000, 0x2401aae0, 0x24050000)
  to   space 512K,   0% used [0x23f50000, 0x23f50000, 0x23fd0000)
 tenured generation   total 10944K, used 3947K [0x29050000, 0x29b00000, 0x33b00000)
   the space 10944K,  36% used [0x29050000, 0x2942ac48, 0x2942ae00, 0x29b00000)
 compacting perm gen  total 12288K, used 3583K [0x33b00000, 0x34700000, 0x37b00000)
   the space 12288K,  29% used [0x33b00000, 0x33e7ff10, 0x33e80000, 0x34700000)
    ro space 10240K,  54% used [0x37b00000, 0x3807e4a8, 0x3807e600, 0x38500000)
    rw space 12288K,  55% used [0x38500000, 0x38ba22a0, 0x38ba2400, 0x39100000)

Code Cache  [0x01b40000, 0x01cf0000, 0x03b40000)
 total_blobs=1031 nmethods=812 adapters=154 free_code_cache=31800384 largest_free_block=0

Dynamic libraries:
0x00400000 - 0x00425000 	C:\Program Files\Java\jdk1.6.0_30\bin\javaw.exe
0x77910000 - 0x77a4c000 	C:\Windows\SYSTEM32\ntdll.dll
0x76140000 - 0x76214000 	C:\Windows\system32\kernel32.dll
0x75e10000 - 0x75e5a000 	C:\Windows\system32\KERNELBASE.dll
0x77ba0000 - 0x77c40000 	C:\Windows\system32\ADVAPI32.dll
0x76780000 - 0x7682c000 	C:\Windows\system32\msvcrt.dll
0x77b50000 - 0x77b69000 	C:\Windows\SYSTEM32\sechost.dll
0x76220000 - 0x762c1000 	C:\Windows\system32\RPCRT4.dll
0x77c40000 - 0x77d09000 	C:\Windows\system32\USER32.dll
0x77a70000 - 0x77abe000 	C:\Windows\system32\GDI32.dll
0x76060000 - 0x7606a000 	C:\Windows\system32\LPK.dll
0x77520000 - 0x775bd000 	C:\Windows\system32\USP10.dll
0x77a50000 - 0x77a6f000 	C:\Windows\system32\IMM32.DLL
0x77d10000 - 0x77ddc000 	C:\Windows\system32\MSCTF.dll
0x7c340000 - 0x7c396000 	C:\Program Files\Java\jdk1.6.0_30\jre\bin\msvcr71.dll
0x6d8c0000 - 0x6db6f000 	C:\Program Files\Java\jdk1.6.0_30\jre\bin\client\jvm.dll
0x73dd0000 - 0x73e02000 	C:\Windows\system32\WINMM.dll
0x75c90000 - 0x75cdb000 	C:\Windows\system32\apphelp.dll
0x6d870000 - 0x6d87c000 	C:\Program Files\Java\jdk1.6.0_30\jre\bin\verify.dll
0x6d3d0000 - 0x6d3ef000 	C:\Program Files\Java\jdk1.6.0_30\jre\bin\java.dll
0x6d8b0000 - 0x6d8bf000 	C:\Program Files\Java\jdk1.6.0_30\jre\bin\zip.dll
0x6d0b0000 - 0x6d1fc000 	C:\Program Files\Java\jdk1.6.0_30\jre\bin\awt.dll
0x700e0000 - 0x70131000 	C:\Windows\system32\WINSPOOL.DRV
0x764d0000 - 0x7662c000 	C:\Windows\system32\ole32.dll
0x74a90000 - 0x74c2e000 	C:\Windows\WinSxS\x86_microsoft.windows.common-controls_6595b64144ccf1df_6.0.7600.16661_none_420fe3fa2b8113bd\COMCTL32.dll
0x76470000 - 0x764c7000 	C:\Windows\system32\SHLWAPI.dll
0x74690000 - 0x746a3000 	C:\Windows\system32\DWMAPI.DLL
0x74980000 - 0x749c0000 	C:\Windows\system32\uxtheme.dll
0x75ce0000 - 0x75cec000 	C:\Windows\system32\CRYPTBASE.dll
0x76830000 - 0x77479000 	C:\Windows\system32\shell32.dll
0x6d2e0000 - 0x6d32f000 	C:\Program Files\Java\jdk1.6.0_30\jre\bin\fontmanager.dll
0x636b0000 - 0x63873000 	C:\Windows\system32\d3d9.dll
0x75220000 - 0x75229000 	C:\Windows\system32\VERSION.dll
0x6e640000 - 0x6e646000 	C:\Windows\system32\d3d8thk.dll
0x621f0000 - 0x62950000 	C:\Windows\system32\nvd3dum.dll
0x74da0000 - 0x74dc5000 	C:\Windows\system32\powrprof.dll
0x762d0000 - 0x7646d000 	C:\Windows\system32\SETUPAPI.dll
0x75de0000 - 0x75e07000 	C:\Windows\system32\CFGMGR32.dll
0x76070000 - 0x760ff000 	C:\Windows\system32\OLEAUT32.dll
0x75ef0000 - 0x75f02000 	C:\Windows\system32\DEVOBJ.dll
0x6d6b0000 - 0x6d6c3000 	C:\Program Files\Java\jdk1.6.0_30\jre\bin\net.dll
0x76100000 - 0x76135000 	C:\Windows\system32\WS2_32.dll
0x77510000 - 0x77516000 	C:\Windows\system32\NSI.dll
0x757a0000 - 0x757dc000 	C:\Windows\system32\mswsock.dll
0x75790000 - 0x75796000 	C:\Windows\System32\wship6.dll
0x6d6d0000 - 0x6d6d9000 	C:\Program Files\Java\jdk1.6.0_30\jre\bin\nio.dll
0x752b0000 - 0x752b5000 	C:\Windows\System32\wshtcpip.dll
0x75660000 - 0x756a4000 	C:\Windows\system32\DNSAPI.dll
0x70c30000 - 0x70c54000 	C:\Program Files\Common Files\Microsoft Shared\Windows Live\WLIDNSP.DLL
0x76630000 - 0x76635000 	C:\Windows\system32\PSAPI.DLL
0x70c00000 - 0x70c21000 	C:\Program Files\Bonjour\mdnsNSP.dll
0x73bd0000 - 0x73bec000 	C:\Windows\system32\Iphlpapi.DLL
0x73bc0000 - 0x73bc7000 	C:\Windows\system32\WINNSI.DLL
0x70bf0000 - 0x70bf6000 	C:\Windows\system32\rasadhlp.dll
0x73ab0000 - 0x73ae8000 	C:\Windows\System32\fwpuclnt.dll
0x757e0000 - 0x757f6000 	C:\Windows\system32\CRYPTSP.dll
0x75580000 - 0x755bb000 	C:\Windows\system32\rsaenh.dll
0x75380000 - 0x75397000 	C:\Windows\system32\USERENV.dll
0x75d60000 - 0x75d6b000 	C:\Windows\system32\profapi.dll
0x74000000 - 0x74010000 	C:\Windows\system32\NLAapi.dll
0x70e70000 - 0x70e78000 	C:\Windows\System32\winrnr.dll
0x70e60000 - 0x70e70000 	C:\Windows\system32\napinsp.dll
0x70e40000 - 0x70e52000 	C:\Windows\system32\pnrpnsp.dll
0x6d850000 - 0x6d858000 	C:\Program Files\Java\jdk1.6.0_30\jre\bin\sunmscapi.dll
0x75f40000 - 0x7605c000 	C:\Windows\system32\CRYPT32.dll
0x75dd0000 - 0x75ddc000 	C:\Windows\system32\MSASN1.dll

VM Arguments:
jvm_args: -Dfile.encoding=Cp1252 
java_command: net.minecraft.LauncherFrame
Launcher Type: SUN_STANDARD

Environment Variables:
CLASSPATH=.;C:\Program Files\Java\jre7\lib\ext\QTJava.zip
PATH=C:/Program Files/Java/jre7/bin/client;C:/Program Files/Java/jre7/bin;C:/Program Files/Java/jre7/lib/i386;C:\Program Files\Embarcadero\RAD Studio\9.0\bin;C:\Users\Public\Documents\RAD Studio\9.0\Bpl;C:\Program Files\Embarcadero\RAD Studio\9.0\bin64;C:\Users\Public\Documents\RAD Studio\9.0\Bpl\Win64;C:\Program Files\CollabNet\Subversion Client;C:\Program Files\Embarcadero\RAD Studio\8.0\bin;C:\Users\Public\Documents\RAD Studio\8.0\Bpl;C:\Program Files\NVIDIA Corporation\PhysX\Common;C:\Program Files\Common Files\Microsoft Shared\Windows Live;C:\Windows\system32;C:\Windows;C:\Windows\System32\Wbem;C:\Windows\System32\WindowsPowerShell\v1.0\;C:\Program Files\Autodesk\Backburner\;C:\Program Files\Common Files\Autodesk Shared\;C:\Program Files\QuickTime\QTSystem\;C:\Program Files\Java\jdk1.7.0_02\bin;C:\Program Files\FreeArc\bin;C:\Program Files\Common Files\Nero\Lib\;C:\Users\CARDON\Desktop\Modding\eclipse-java-indigo-SR1-win32\eclipse;
USERNAME=CARDON
OS=Windows_NT
PROCESSOR_IDENTIFIER=x86 Family 6 Model 23 Stepping 10, GenuineIntel



---------------  S Y S T E M  ---------------

OS: Windows 7 Build 7600 

CPU:total 2 (2 cores per cpu, 1 threads per core) family 6 model 23 stepping 10, cmov, cx8, fxsr, mmx, sse, sse2, sse3, ssse3, sse4.1

Memory: 4k page, physical 3406968k(493136k free), swap 6812172k(2110056k free)

vm_info: Java HotSpot(TM) Client VM (20.5-b03) for windows-x86 JRE (1.6.0_30-b12), built on Nov 10 2011 01:51:00 by "java_re" with MS VC++ 7.1 (VS2003)

time: Mon Jan 30 23:36:46 2012
elapsed time: 43 seconds

